<?xml version="1.0" encoding="UTF-8"?>
<!-- Generated by org.testng.reporters.JUnitReportReporter -->
<testsuite skipped="1" hostname="abhijeets-air.lan" name="com.dista.test.automation.TestCreateAsset" tests="3" failures="0" timestamp="14 Sep 2018 11:22:15 GMT" time="46.386" errors="2">
  <testcase name="logout" time="0.071" classname="com.dista.test.automation.TestCreateAsset">
    <error type="org.openqa.selenium.WebDriverException" message="unknown error: Element &lt;path id=&quot;Forma_1&quot; data-name=&quot;Forma 1&quot; class=&quot;cls-1&quot; d=&quot;M500.6,212.6l-59.9-14.7a193.2,193.2,0,0,0-12.6-30.6l30.6-51A14.923,14.923,0,0,0,456.6,98L414,55.4a14.923,14.923,0,0,0-18.3-2.1l-51,30.6a193.2,193.2,0,0,0-30.6-12.6L299.7,11.4A15.393,15.393,0,0,0,285,0H225a15.393,15.393,0,0,0-14.7,11.4L195.9,71.3a193.2,193.2,0,0,0-30.6,12.6l-51-30.6A14.923,14.923,0,0,0,96,55.4L53.4,98a14.923,14.923,0,0,0-2.1,18.3l30.6,51a193.2,193.2,0,0,0-12.6,30.6L11.4,212.6A14.786,14.786,0,0,0,0,227v60a14.786,14.786,0,0,0,11.4,14.4l57.9,14.7a193.2,193.2,0,0,0,12.6,30.6l-30.6,51A14.923,14.923,0,0,0,53.4,416L96,458.6a14.923,14.923,0,0,0,18.3,2.1l51-30.6a193.2,193.2,0,0,0,30.6,12.6l14.4,57.9A15.393,15.393,0,0,0,225,512h60a15.393,15.393,0,0,0,14.7-11.4l14.4-57.9a193.2,193.2,0,0,0,30.6-12.6l51,30.6a14.923,14.923,0,0,0,18.3-2.1L456.6,416a14.923,14.923,0,0,0,2.1-18.3l-30.6-51a193.2,193.2,0,0,0,12.6-30.6l59.9-14.7A14.786,14.786,0,0,0,512,287V227A14.786,14.786,0,0,0,500.6,212.6ZM255,332a75,75,0,1,1,75-75A75.027,75.027,0,0,1,255,332Z&quot;&gt;&lt;/path&gt; is not clickable at point (1176, 26). Other element would receive the click: &lt;svg xmlns=&quot;http://www.w3.org/2000/svg&quot; width=&quot;512&quot; height=&quot;512&quot; viewBox=&quot;0 0 512 512&quot; class=&quot;header-svg replaced-svg&quot;&gt;...&lt;/svg&gt;
  (Session info: chrome=68.0.3440.106)
  (Driver info: chromedriver=2.41.578706 (5f725d1b4f0a4acbf5259df887244095596231db),platform=Mac OS X 10.13.6 x86_64) (WARNING: The server did not provide any stacktrace information)
Command duration or timeout: 0 milliseconds
Build info: version: &#039;3.5.0&#039;, revision: &#039;8def36e068&#039;, time: &#039;2017-08-10T23:00:22.093Z&#039;
System info: host: &#039;abhijeets-air.lan&#039;, ip: &#039;fe80:0:0:0:8c1:ef41:d8b8:6903%en0&#039;, os.name: &#039;Mac OS X&#039;, os.arch: &#039;x86_64&#039;, os.version: &#039;10.13.6&#039;, java.version: &#039;1.8.0_144&#039;
Driver info: org.openqa.selenium.chrome.ChromeDriver
Capabilities [{mobileEmulationEnabled=false, hasTouchScreen=false, platform=MAC, acceptSslCerts=false, goog:chromeOptions={debuggerAddress=localhost:65383}, acceptInsecureCerts=false, webStorageEnabled=true, browserName=chrome, takesScreenshot=true, javascriptEnabled=true, setWindowRect=true, unexpectedAlertBehaviour=, applicationCacheEnabled=false, rotatable=false, networkConnectionEnabled=false, chrome={chromedriverVersion=2.41.578706 (5f725d1b4f0a4acbf5259df887244095596231db), userDataDir=/var/folders/k_/01zb1ngn6tq2l05rmqgb4lsm0000gn/T/.org.chromium.Chromium.fpVR8S}, takesHeapSnapshot=true, pageLoadStrategy=normal, unhandledPromptBehavior=, databaseEnabled=false, handlesAlerts=true, version=68.0.3440.106, browserConnectionEnabled=false, nativeEvents=true, locationContextEnabled=true, cssSelectorsEnabled=true}]
Session ID: c2d040539872b4fba08bc0463451066e">
      <![CDATA[org.openqa.selenium.WebDriverException: unknown error: Element <path id="Forma_1" data-name="Forma 1" class="cls-1" d="M500.6,212.6l-59.9-14.7a193.2,193.2,0,0,0-12.6-30.6l30.6-51A14.923,14.923,0,0,0,456.6,98L414,55.4a14.923,14.923,0,0,0-18.3-2.1l-51,30.6a193.2,193.2,0,0,0-30.6-12.6L299.7,11.4A15.393,15.393,0,0,0,285,0H225a15.393,15.393,0,0,0-14.7,11.4L195.9,71.3a193.2,193.2,0,0,0-30.6,12.6l-51-30.6A14.923,14.923,0,0,0,96,55.4L53.4,98a14.923,14.923,0,0,0-2.1,18.3l30.6,51a193.2,193.2,0,0,0-12.6,30.6L11.4,212.6A14.786,14.786,0,0,0,0,227v60a14.786,14.786,0,0,0,11.4,14.4l57.9,14.7a193.2,193.2,0,0,0,12.6,30.6l-30.6,51A14.923,14.923,0,0,0,53.4,416L96,458.6a14.923,14.923,0,0,0,18.3,2.1l51-30.6a193.2,193.2,0,0,0,30.6,12.6l14.4,57.9A15.393,15.393,0,0,0,225,512h60a15.393,15.393,0,0,0,14.7-11.4l14.4-57.9a193.2,193.2,0,0,0,30.6-12.6l51,30.6a14.923,14.923,0,0,0,18.3-2.1L456.6,416a14.923,14.923,0,0,0,2.1-18.3l-30.6-51a193.2,193.2,0,0,0,12.6-30.6l59.9-14.7A14.786,14.786,0,0,0,512,287V227A14.786,14.786,0,0,0,500.6,212.6ZM255,332a75,75,0,1,1,75-75A75.027,75.027,0,0,1,255,332Z"></path> is not clickable at point (1176, 26). Other element would receive the click: <svg xmlns="http://www.w3.org/2000/svg" width="512" height="512" viewBox="0 0 512 512" class="header-svg replaced-svg">...</svg>
  (Session info: chrome=68.0.3440.106)
  (Driver info: chromedriver=2.41.578706 (5f725d1b4f0a4acbf5259df887244095596231db),platform=Mac OS X 10.13.6 x86_64) (WARNING: The server did not provide any stacktrace information)
Command duration or timeout: 0 milliseconds
Build info: version: '3.5.0', revision: '8def36e068', time: '2017-08-10T23:00:22.093Z'
System info: host: 'abhijeets-air.lan', ip: 'fe80:0:0:0:8c1:ef41:d8b8:6903%en0', os.name: 'Mac OS X', os.arch: 'x86_64', os.version: '10.13.6', java.version: '1.8.0_144'
Driver info: org.openqa.selenium.chrome.ChromeDriver
Capabilities [{mobileEmulationEnabled=false, hasTouchScreen=false, platform=MAC, acceptSslCerts=false, goog:chromeOptions={debuggerAddress=localhost:65383}, acceptInsecureCerts=false, webStorageEnabled=true, browserName=chrome, takesScreenshot=true, javascriptEnabled=true, setWindowRect=true, unexpectedAlertBehaviour=, applicationCacheEnabled=false, rotatable=false, networkConnectionEnabled=false, chrome={chromedriverVersion=2.41.578706 (5f725d1b4f0a4acbf5259df887244095596231db), userDataDir=/var/folders/k_/01zb1ngn6tq2l05rmqgb4lsm0000gn/T/.org.chromium.Chromium.fpVR8S}, takesHeapSnapshot=true, pageLoadStrategy=normal, unhandledPromptBehavior=, databaseEnabled=false, handlesAlerts=true, version=68.0.3440.106, browserConnectionEnabled=false, nativeEvents=true, locationContextEnabled=true, cssSelectorsEnabled=true}]
Session ID: c2d040539872b4fba08bc0463451066e
at sun.reflect.NativeConstructorAccessorImpl.newInstance0(Native Method)
at sun.reflect.NativeConstructorAccessorImpl.newInstance(NativeConstructorAccessorImpl.java:62)
at sun.reflect.DelegatingConstructorAccessorImpl.newInstance(DelegatingConstructorAccessorImpl.java:45)
at java.lang.reflect.Constructor.newInstance(Constructor.java:423)
at org.openqa.selenium.remote.ErrorHandler.createThrowable(ErrorHandler.java:215)
at org.openqa.selenium.remote.ErrorHandler.throwIfResponseFailed(ErrorHandler.java:167)
at org.openqa.selenium.remote.http.JsonHttpResponseCodec.reconstructValue(JsonHttpResponseCodec.java:40)
at org.openqa.selenium.remote.http.AbstractHttpResponseCodec.decode(AbstractHttpResponseCodec.java:82)
at org.openqa.selenium.remote.http.AbstractHttpResponseCodec.decode(AbstractHttpResponseCodec.java:45)
at org.openqa.selenium.remote.HttpCommandExecutor.execute(HttpCommandExecutor.java:164)
at org.openqa.selenium.remote.service.DriverCommandExecutor.execute(DriverCommandExecutor.java:82)
at org.openqa.selenium.remote.RemoteWebDriver.execute(RemoteWebDriver.java:641)
at org.openqa.selenium.remote.RemoteWebElement.execute(RemoteWebElement.java:275)
at org.openqa.selenium.remote.RemoteWebElement.click(RemoteWebElement.java:82)
at com.dista.test.automation.TestLaunchApplication.logout(TestLaunchApplication.java:87)
at sun.reflect.NativeMethodAccessorImpl.invoke0(Native Method)
at sun.reflect.NativeMethodAccessorImpl.invoke(NativeMethodAccessorImpl.java:62)
at sun.reflect.DelegatingMethodAccessorImpl.invoke(DelegatingMethodAccessorImpl.java:43)
at java.lang.reflect.Method.invoke(Method.java:498)
at org.testng.internal.MethodInvocationHelper.invokeMethod(MethodInvocationHelper.java:124)
at org.testng.internal.MethodInvocationHelper.invokeMethodConsideringTimeout(MethodInvocationHelper.java:59)
at org.testng.internal.Invoker.invokeConfigurationMethod(Invoker.java:455)
at org.testng.internal.Invoker.invokeConfigurations(Invoker.java:222)
at org.testng.internal.Invoker.invokeConfigurations(Invoker.java:142)
at org.testng.SuiteRunner.privateRun(SuiteRunner.java:425)
at org.testng.SuiteRunner.run(SuiteRunner.java:364)
at org.testng.SuiteRunnerWorker.runSuite(SuiteRunnerWorker.java:52)
at org.testng.SuiteRunnerWorker.run(SuiteRunnerWorker.java:84)
at org.testng.TestNG.runSuitesSequentially(TestNG.java:1208)
at org.testng.TestNG.runSuitesLocally(TestNG.java:1137)
at org.testng.TestNG.runSuites(TestNG.java:1049)
at org.testng.TestNG.run(TestNG.java:1017)
at com.dista.main.Main.main(Main.java:35)
]]>
    </error>
  </testcase> <!-- logout -->
  <testcase name="createAssetOne" time="23.114" classname="com.dista.test.automation.TestCreateAsset">
    <skipped/>
  </testcase> <!-- createAssetOne -->
  <testcase name="createAssetOne" time="23.201" classname="com.dista.test.automation.TestCreateAsset">
    <error type="org.openqa.selenium.NoSuchElementException" message="no such element: Unable to locate element: {&quot;method&quot;:&quot;xpath&quot;,&quot;selector&quot;:&quot;//span[contains(text(),&#039;Jobs Management&#039;)]&quot;}
  (Session info: chrome=68.0.3440.106)
  (Driver info: chromedriver=2.41.578706 (5f725d1b4f0a4acbf5259df887244095596231db),platform=Mac OS X 10.13.6 x86_64) (WARNING: The server did not provide any stacktrace information)
Command duration or timeout: 0 milliseconds
For documentation on this error, please visit: http://seleniumhq.org/exceptions/no_such_element.html
Build info: version: &#039;3.5.0&#039;, revision: &#039;8def36e068&#039;, time: &#039;2017-08-10T23:00:22.093Z&#039;
System info: host: &#039;abhijeets-air.lan&#039;, ip: &#039;fe80:0:0:0:8c1:ef41:d8b8:6903%en0&#039;, os.name: &#039;Mac OS X&#039;, os.arch: &#039;x86_64&#039;, os.version: &#039;10.13.6&#039;, java.version: &#039;1.8.0_144&#039;
Driver info: org.openqa.selenium.chrome.ChromeDriver
Capabilities [{mobileEmulationEnabled=false, hasTouchScreen=false, platform=MAC, acceptSslCerts=false, goog:chromeOptions={debuggerAddress=localhost:65383}, acceptInsecureCerts=false, webStorageEnabled=true, browserName=chrome, takesScreenshot=true, javascriptEnabled=true, setWindowRect=true, unexpectedAlertBehaviour=, applicationCacheEnabled=false, rotatable=false, networkConnectionEnabled=false, chrome={chromedriverVersion=2.41.578706 (5f725d1b4f0a4acbf5259df887244095596231db), userDataDir=/var/folders/k_/01zb1ngn6tq2l05rmqgb4lsm0000gn/T/.org.chromium.Chromium.fpVR8S}, takesHeapSnapshot=true, pageLoadStrategy=normal, unhandledPromptBehavior=, databaseEnabled=false, handlesAlerts=true, version=68.0.3440.106, browserConnectionEnabled=false, nativeEvents=true, locationContextEnabled=true, cssSelectorsEnabled=true}]
Session ID: c2d040539872b4fba08bc0463451066e
*** Element info: {Using=xpath, value=//span[contains(text(),&#039;Jobs Management&#039;)]}">
      <![CDATA[org.openqa.selenium.NoSuchElementException: no such element: Unable to locate element: {"method":"xpath","selector":"//span[contains(text(),'Jobs Management')]"}
  (Session info: chrome=68.0.3440.106)
  (Driver info: chromedriver=2.41.578706 (5f725d1b4f0a4acbf5259df887244095596231db),platform=Mac OS X 10.13.6 x86_64) (WARNING: The server did not provide any stacktrace information)
Command duration or timeout: 0 milliseconds
For documentation on this error, please visit: http://seleniumhq.org/exceptions/no_such_element.html
Build info: version: '3.5.0', revision: '8def36e068', time: '2017-08-10T23:00:22.093Z'
System info: host: 'abhijeets-air.lan', ip: 'fe80:0:0:0:8c1:ef41:d8b8:6903%en0', os.name: 'Mac OS X', os.arch: 'x86_64', os.version: '10.13.6', java.version: '1.8.0_144'
Driver info: org.openqa.selenium.chrome.ChromeDriver
Capabilities [{mobileEmulationEnabled=false, hasTouchScreen=false, platform=MAC, acceptSslCerts=false, goog:chromeOptions={debuggerAddress=localhost:65383}, acceptInsecureCerts=false, webStorageEnabled=true, browserName=chrome, takesScreenshot=true, javascriptEnabled=true, setWindowRect=true, unexpectedAlertBehaviour=, applicationCacheEnabled=false, rotatable=false, networkConnectionEnabled=false, chrome={chromedriverVersion=2.41.578706 (5f725d1b4f0a4acbf5259df887244095596231db), userDataDir=/var/folders/k_/01zb1ngn6tq2l05rmqgb4lsm0000gn/T/.org.chromium.Chromium.fpVR8S}, takesHeapSnapshot=true, pageLoadStrategy=normal, unhandledPromptBehavior=, databaseEnabled=false, handlesAlerts=true, version=68.0.3440.106, browserConnectionEnabled=false, nativeEvents=true, locationContextEnabled=true, cssSelectorsEnabled=true}]
Session ID: c2d040539872b4fba08bc0463451066e
*** Element info: {Using=xpath, value=//span[contains(text(),'Jobs Management')]}
at sun.reflect.NativeConstructorAccessorImpl.newInstance0(Native Method)
at sun.reflect.NativeConstructorAccessorImpl.newInstance(NativeConstructorAccessorImpl.java:62)
at sun.reflect.DelegatingConstructorAccessorImpl.newInstance(DelegatingConstructorAccessorImpl.java:45)
at java.lang.reflect.Constructor.newInstance(Constructor.java:423)
at org.openqa.selenium.remote.ErrorHandler.createThrowable(ErrorHandler.java:215)
at org.openqa.selenium.remote.ErrorHandler.throwIfResponseFailed(ErrorHandler.java:167)
at org.openqa.selenium.remote.http.JsonHttpResponseCodec.reconstructValue(JsonHttpResponseCodec.java:40)
at org.openqa.selenium.remote.http.AbstractHttpResponseCodec.decode(AbstractHttpResponseCodec.java:82)
at org.openqa.selenium.remote.http.AbstractHttpResponseCodec.decode(AbstractHttpResponseCodec.java:45)
at org.openqa.selenium.remote.HttpCommandExecutor.execute(HttpCommandExecutor.java:164)
at org.openqa.selenium.remote.service.DriverCommandExecutor.execute(DriverCommandExecutor.java:82)
at org.openqa.selenium.remote.RemoteWebDriver.execute(RemoteWebDriver.java:641)
at org.openqa.selenium.remote.RemoteWebDriver.findElement(RemoteWebDriver.java:414)
at org.openqa.selenium.remote.RemoteWebDriver.findElementByXPath(RemoteWebDriver.java:513)
at org.openqa.selenium.By$ByXPath.findElement(By.java:361)
at org.openqa.selenium.remote.RemoteWebDriver.findElement(RemoteWebDriver.java:406)
at com.dista.test.automation.TestCreateAsset.createAssetOne(TestCreateAsset.java:69)
at sun.reflect.NativeMethodAccessorImpl.invoke0(Native Method)
at sun.reflect.NativeMethodAccessorImpl.invoke(NativeMethodAccessorImpl.java:62)
at sun.reflect.DelegatingMethodAccessorImpl.invoke(DelegatingMethodAccessorImpl.java:43)
at java.lang.reflect.Method.invoke(Method.java:498)
at org.testng.internal.MethodInvocationHelper.invokeMethod(MethodInvocationHelper.java:124)
at org.testng.internal.Invoker.invokeMethod(Invoker.java:580)
at org.testng.internal.Invoker.retryFailed(Invoker.java:838)
at org.testng.internal.Invoker.invokeTestMethods(Invoker.java:1009)
at org.testng.internal.TestMethodWorker.invokeTestMethods(TestMethodWorker.java:125)
at org.testng.internal.TestMethodWorker.run(TestMethodWorker.java:109)
at org.testng.TestRunner.privateRun(TestRunner.java:648)
at org.testng.TestRunner.run(TestRunner.java:505)
at org.testng.SuiteRunner.runTest(SuiteRunner.java:455)
at org.testng.SuiteRunner.runSequentially(SuiteRunner.java:450)
at org.testng.SuiteRunner.privateRun(SuiteRunner.java:415)
at org.testng.SuiteRunner.run(SuiteRunner.java:364)
at org.testng.SuiteRunnerWorker.runSuite(SuiteRunnerWorker.java:52)
at org.testng.SuiteRunnerWorker.run(SuiteRunnerWorker.java:84)
at org.testng.TestNG.runSuitesSequentially(TestNG.java:1208)
at org.testng.TestNG.runSuitesLocally(TestNG.java:1137)
at org.testng.TestNG.runSuites(TestNG.java:1049)
at org.testng.TestNG.run(TestNG.java:1017)
at com.dista.main.Main.main(Main.java:35)
]]>
    </error>
  </testcase> <!-- createAssetOne -->
</testsuite> <!-- com.dista.test.automation.TestCreateAsset -->
